<?xml version="1.0" encoding="UTF-8"?>
<testsuite xmlns:xsi="http://www.w3.org/2001/XMLSchema-instance" xsi:noNamespaceSchemaLocation="https://maven.apache.org/surefire/maven-surefire-plugin/xsd/surefire-test-report-3.0.xsd" version="3.0" name="com.agencia.AgenciaDeViagensApplicationTests" time="62.161" tests="1" errors="0" skipped="0" failures="0">
  <properties>
[...]
</properties>
  <testcase name="contextLoads" classname="com.agencia.AgenciaDeViagensApplicationTests" time="12.081">
    <system-out><![CDATA[20:29:59.943 [main] INFO org.springframework.test.context.support.AnnotationConfigContextLoaderUtils -- Could not detect default configuration classes for test class [com.agencia.AgenciaDeViagensApplicationTests]: AgenciaDeViagensApplicationTests does not declare any static, non-private, non-final, nested classes annotated with @Configuration.
20:30:01.422 [main] INFO org.springframework.boot.test.context.SpringBootTestContextBootstrapper -- Found @SpringBootConfiguration com.agencia.AgenciaDeViagensApplication for test class com.agencia.AgenciaDeViagensApplicationTests
20:30:03.506 [main] INFO org.springframework.boot.devtools.restart.RestartApplicationListener -- Restart disabled due to context in which it is running

  .   ____          _            __ _ _
 /\\ / ___'_ __ _ _(_)_ __  __ _ \ \ \ \
( ( )\___ | '_ | '_| | '_ \/ _` | \ \ \ \
 \\/  ___)| |_)| | | | | || (_| |  ) ) ) )
  '  |____| .__|_| |_|_| |_\__, | / / / /
 =========|_|==============|___/=/_/_/_/
 :: Spring Boot ::                (v3.1.5)

2023-11-14T20:30:06.795-03:00  INFO 10736 --- [           main] c.a.AgenciaDeViagensApplicationTests     : Starting AgenciaDeViagensApplicationTests using Java 17.0.8.1 with PID 10736 (started by User in C:\Users\User\Documents\workspace-spring-tool-suite-4-4.20.1.RELEASE\Agencia_de_Viagens)
2023-11-14T20:30:06.800-03:00  INFO 10736 --- [           main] c.a.AgenciaDeViagensApplicationTests     : No active profile set, falling back to 1 default profile: "default"
2023-11-14T20:30:12.503-03:00  INFO 10736 --- [           main] .s.d.r.c.RepositoryConfigurationDelegate : Bootstrapping Spring Data JPA repositories in DEFAULT mode.
2023-11-14T20:30:13.372-03:00  INFO 10736 --- [           main] .s.d.r.c.RepositoryConfigurationDelegate : Finished Spring Data repository scanning in 814 ms. Found 1 JPA repository interfaces.
2023-11-14T20:30:16.718-03:00  INFO 10736 --- [           main] com.zaxxer.hikari.HikariDataSource       : HikariPool-1 - Starting...
2023-11-14T20:30:20.460-03:00  INFO 10736 --- [           main] com.zaxxer.hikari.pool.HikariPool        : HikariPool-1 - Added connection conn0: url=jdbc:h2:mem:c5b511c2-5182-4707-8c92-90dcc403bfba user=SA
2023-11-14T20:30:20.464-03:00  INFO 10736 --- [           main] com.zaxxer.hikari.HikariDataSource       : HikariPool-1 - Start completed.
2023-11-14T20:30:21.109-03:00  INFO 10736 --- [           main] o.hibernate.jpa.internal.util.LogHelper  : HHH000204: Processing PersistenceUnitInfo [name: default]
2023-11-14T20:30:23.310-03:00  INFO 10736 --- [           main] org.hibernate.Version                    : HHH000412: Hibernate ORM core version 6.2.13.Final
2023-11-14T20:30:23.358-03:00  INFO 10736 --- [           main] org.hibernate.cfg.Environment            : HHH000406: Using bytecode reflection optimizer
2023-11-14T20:30:29.541-03:00  INFO 10736 --- [           main] o.s.o.j.p.SpringPersistenceUnitInfo      : No LoadTimeWeaver setup: ignoring JPA class transformer
2023-11-14T20:30:41.822-03:00  INFO 10736 --- [           main] o.h.e.t.j.p.i.JtaPlatformInitiator       : HHH000489: No JTA platform available (set 'hibernate.transaction.jta.platform' to enable JTA platform integration)
Hibernate: drop table if exists pacotes cascade 
Hibernate: create table pacotes (preco float(53) not null, id bigint generated by default as identity, data_chegada varchar(255), data_saida varchar(255), destino varchar(255), primary key (id))
2023-11-14T20:30:42.133-03:00  INFO 10736 --- [           main] j.LocalContainerEntityManagerFactoryBean : Initialized JPA EntityManagerFactory for persistence unit 'default'
2023-11-14T20:30:44.003-03:00  WARN 10736 --- [           main] JpaBaseConfiguration$JpaWebConfiguration : spring.jpa.open-in-view is enabled by default. Therefore, database queries may be performed during view rendering. Explicitly configure spring.jpa.open-in-view to disable this warning
2023-11-14T20:30:47.285-03:00  INFO 10736 --- [           main] c.a.AgenciaDeViagensApplicationTests     : Started AgenciaDeViagensApplicationTests in 43.834 seconds (process running for 54.024)
]]></system-out>
  </testcase>
</testsuite>